0 info it worked if it ends with ok
1 verbose cli [ 'node', '/usr/local/bin/npm', 'run', 'test' ]
2 info using npm@1.4.14
3 info using node@v0.10.29
4 verbose run-script [ 'pretest', 'test', 'posttest' ]
5 info pretest lenses@0.0.8
6 info test lenses@0.0.8
7 verbose unsafe-perm in lifecycle true
8 info lenses@0.0.8 Failed to exec test script
9 error lenses@0.0.8 test: `mocha test`
9 error Exit status 1
10 error Failed at the lenses@0.0.8 test script.
10 error This is most likely a problem with the lenses package,
10 error not with npm itself.
10 error Tell the author that this fails on your system:
10 error     mocha test
10 error You can get their info via:
10 error     npm owner ls lenses
10 error There is likely additional logging output above.
11 error System Darwin 13.1.0
12 error command "node" "/usr/local/bin/npm" "run" "test"
13 error cwd /Users/brian/Documents/node/lenses
14 error node -v v0.10.29
15 error npm -v 1.4.14
16 error code ELIFECYCLE
17 verbose exit [ 1, true ]
